<?xml version="1.0" encoding="UTF-8"?>
<testsuite xmlns:xsi="http://www.w3.org/2001/XMLSchema-instance" xsi:noNamespaceSchemaLocation="https://maven.apache.org/surefire/maven-surefire-plugin/xsd/surefire-test-report.xsd" name="fr.free.jchecs.core.FENUtilsTest" time="0" tests="4" errors="0" skipped="0" failures="0">
  <properties>
    <property name="java.specification.version" value="17"/>
    <property name="sun.jnu.encoding" value="UTF-8"/>
    <property name="java.class.path" value="/Users/avetro/Documents/TOOL/apache-maven-3.8.6/boot/plexus-classworlds-2.6.0.jar"/>
    <property name="java.vm.vendor" value="Eclipse Adoptium"/>
    <property name="sun.arch.data.model" value="64"/>
    <property name="java.vendor.url" value="https://adoptium.net/"/>
    <property name="user.timezone" value="Europe/Rome"/>
    <property name="maven.conf" value="/Users/avetro/Documents/TOOL/apache-maven-3.8.6/conf"/>
    <property name="java.vm.specification.version" value="17"/>
    <property name="os.name" value="Mac OS X"/>
    <property name="sun.java.launcher" value="SUN_STANDARD"/>
    <property name="user.country" value="IT"/>
    <property name="sun.boot.library.path" value="/Library/Java/JavaVirtualMachines/temurin-17.jdk/Contents/Home/lib"/>
    <property name="sun.java.command" value="org.codehaus.plexus.classworlds.launcher.Launcher verify sonar:sonar -Dsonar.organization=se2"/>
    <property name="http.nonProxyHosts" value="local|*.local|169.254/16|*.169.254/16"/>
    <property name="jdk.debug" value="release"/>
    <property name="maven.home" value="/Users/avetro/Documents/TOOL/apache-maven-3.8.6"/>
    <property name="sun.cpu.endian" value="little"/>
    <property name="user.home" value="/Users/avetro"/>
    <property name="user.language" value="it"/>
    <property name="sun.stderr.encoding" value="UTF-8"/>
    <property name="java.specification.vendor" value="Oracle Corporation"/>
    <property name="java.version.date" value="2021-10-19"/>
    <property name="java.home" value="/Library/Java/JavaVirtualMachines/temurin-17.jdk/Contents/Home"/>
    <property name="file.separator" value="/"/>
    <property name="java.vm.compressedOopsMode" value="Zero based"/>
    <property name="line.separator" value="&#10;"/>
    <property name="sun.stdout.encoding" value="UTF-8"/>
    <property name="java.vm.specification.vendor" value="Oracle Corporation"/>
    <property name="java.specification.name" value="Java Platform API Specification"/>
    <property name="sun.management.compiler" value="HotSpot 64-Bit Tiered Compilers"/>
    <property name="ftp.nonProxyHosts" value="local|*.local|169.254/16|*.169.254/16"/>
    <property name="java.runtime.version" value="17.0.1+12"/>
    <property name="user.name" value="avetro"/>
    <property name="path.separator" value=":"/>
    <property name="os.version" value="12.6"/>
    <property name="java.runtime.name" value="OpenJDK Runtime Environment"/>
    <property name="file.encoding" value="UTF-8"/>
    <property name="guice.disable.misplaced.annotation.check" value="true"/>
    <property name="java.vm.name" value="OpenJDK 64-Bit Server VM"/>
    <property name="java.vendor.version" value="Temurin-17.0.1+12"/>
    <property name="java.vendor.url.bug" value="https://github.com/adoptium/adoptium-support/issues"/>
    <property name="java.io.tmpdir" value="/var/folders/x1/cnwmnybd3px7560mdlft5cb40000gn/T/"/>
    <property name="java.version" value="17.0.1"/>
    <property name="user.dir" value="/Users/avetro/REPO-GITHUB/CopyJChecs"/>
    <property name="os.arch" value="aarch64"/>
    <property name="maven.multiModuleProjectDirectory" value="/Users/avetro/REPO-GITHUB/CopyJChecs"/>
    <property name="java.vm.specification.name" value="Java Virtual Machine Specification"/>
    <property name="sonar.organization" value="se2"/>
    <property name="native.encoding" value="UTF-8"/>
    <property name="java.library.path" value="/Users/avetro/Library/Java/Extensions:/Library/Java/Extensions:/Network/Library/Java/Extensions:/System/Library/Java/Extensions:/usr/lib/java:."/>
    <property name="java.vm.info" value="mixed mode"/>
    <property name="java.vendor" value="Eclipse Adoptium"/>
    <property name="java.vm.version" value="17.0.1+12"/>
    <property name="classworlds.conf" value="/Users/avetro/Documents/TOOL/apache-maven-3.8.6/bin/m2.conf"/>
    <property name="sun.io.unicode.encoding" value="UnicodeBig"/>
    <property name="library.jansi.path" value="/Users/avetro/Documents/TOOL/apache-maven-3.8.6/lib/jansi-native"/>
    <property name="socksNonProxyHosts" value="local|*.local|169.254/16|*.169.254/16"/>
    <property name="java.class.version" value="61.0"/>
  </properties>
  <testcase name="testToBoard" classname="fr.free.jchecs.core.FENUtilsTest" time="0"/>
  <testcase name="testToFEN" classname="fr.free.jchecs.core.FENUtilsTest" time="0"/>
  <testcase name="testToFENKeyNull" classname="fr.free.jchecs.core.FENUtilsTest" time="0"/>
  <testcase name="testToFENNull" classname="fr.free.jchecs.core.FENUtilsTest" time="0"/>
</testsuite>